\BOOKMARK [1][-]{section.1}{Executive Summary}{}% 1
\BOOKMARK [2][-]{subsection.1.1}{Mission and Vision}{section.1}% 2
\BOOKMARK [2][-]{subsection.1.2}{Background}{section.1}% 3
\BOOKMARK [2][-]{subsection.1.3}{Problem Statement and Strategy}{section.1}% 4
\BOOKMARK [3][-]{subsubsection.1.3.1}{NFT Contracts}{subsection.1.3}% 5
\BOOKMARK [2][-]{subsection.1.4}{Social Credit Component to UBI}{section.1}% 6
\BOOKMARK [1][-]{section.2}{Proposed Design}{}% 7
\BOOKMARK [2][-]{subsection.2.1}{Overview}{section.2}% 8
\BOOKMARK [2][-]{subsection.2.2}{Tokenized Company Shares}{section.2}% 9
\BOOKMARK [2][-]{subsection.2.3}{Supply Tokenomics}{section.2}% 10
\BOOKMARK [2][-]{subsection.2.4}{Revenue Model}{section.2}% 11
\BOOKMARK [2][-]{subsection.2.5}{Implementation}{section.2}% 12
\BOOKMARK [1][-]{section.3}{Project Management}{}% 13
\BOOKMARK [2][-]{subsection.3.1}{Jurisdictional Dealings}{section.3}% 14
\BOOKMARK [2][-]{subsection.3.2}{Competition}{section.3}% 15
\BOOKMARK [2][-]{subsection.3.3}{Cost of CO2 Capture and Storage}{section.3}% 16
\BOOKMARK [2][-]{subsection.3.4}{Carbon Exchange Rate: Speculative vs Stable}{section.3}% 17
\BOOKMARK [2][-]{subsection.3.5}{Markets}{section.3}% 18
\BOOKMARK [2][-]{subsection.3.6}{Limitations}{section.3}% 19
\BOOKMARK [1][-]{section.4}{Summary}{}% 20
\BOOKMARK [1][-]{section.5}{Appendix}{}% 21
\BOOKMARK [2][-]{subsection.5.1}{Tokenomics}{section.5}% 22
\BOOKMARK [3][-]{subsubsection.5.1.1}{Token Model Simulation}{subsection.5.1}% 23
\BOOKMARK [3][-]{subsubsection.5.1.2}{Limitations}{subsection.5.1}% 24
